0 info it worked if it ends with ok
1 verbose cli [ 'node', '/usr/local/bin/npm', 'install', 'contrib-sass' ]
2 info using npm@2.9.1
3 info using node@v0.12.2
4 verbose install initial load of /Users/J-C/Desktop/2/package.json
5 verbose installManyTop reading scoped package data from /Users/J-C/Desktop/2/node_modules/google-cdn/package.json
6 verbose installManyTop reading scoped package data from /Users/J-C/Desktop/2/node_modules/grunt/package.json
7 verbose installManyTop reading scoped package data from /Users/J-C/Desktop/2/node_modules/grunt-autoprefixer/package.json
8 verbose installManyTop reading scoped package data from /Users/J-C/Desktop/2/node_modules/grunt-concurrent/package.json
9 verbose installManyTop reading scoped package data from /Users/J-C/Desktop/2/node_modules/grunt-contrib-clean/package.json
10 verbose installManyTop reading scoped package data from /Users/J-C/Desktop/2/node_modules/grunt-contrib-concat/package.json
11 verbose installManyTop reading scoped package data from /Users/J-C/Desktop/2/node_modules/grunt-contrib-connect/package.json
12 verbose installManyTop reading scoped package data from /Users/J-C/Desktop/2/node_modules/grunt-contrib-copy/package.json
13 verbose installManyTop reading scoped package data from /Users/J-C/Desktop/2/node_modules/grunt-contrib-cssmin/package.json
14 verbose installManyTop reading scoped package data from /Users/J-C/Desktop/2/node_modules/grunt-contrib-htmlmin/package.json
15 verbose installManyTop reading scoped package data from /Users/J-C/Desktop/2/node_modules/grunt-contrib-imagemin/package.json
16 verbose installManyTop reading scoped package data from /Users/J-C/Desktop/2/node_modules/grunt-contrib-jshint/package.json
17 verbose installManyTop reading scoped package data from /Users/J-C/Desktop/2/node_modules/grunt-contrib-sass/package.json
18 verbose installManyTop reading scoped package data from /Users/J-C/Desktop/2/node_modules/grunt-contrib-uglify/package.json
19 verbose installManyTop reading scoped package data from /Users/J-C/Desktop/2/node_modules/grunt-contrib-watch/package.json
20 verbose installManyTop reading scoped package data from /Users/J-C/Desktop/2/node_modules/grunt-filerev/package.json
21 verbose installManyTop reading scoped package data from /Users/J-C/Desktop/2/node_modules/grunt-google-cdn/package.json
22 verbose installManyTop reading scoped package data from /Users/J-C/Desktop/2/node_modules/grunt-karma/package.json
23 verbose installManyTop reading scoped package data from /Users/J-C/Desktop/2/node_modules/grunt-newer/package.json
24 verbose installManyTop reading scoped package data from /Users/J-C/Desktop/2/node_modules/grunt-ng-annotate/package.json
25 verbose installManyTop reading scoped package data from /Users/J-C/Desktop/2/node_modules/grunt-svgmin/package.json
26 verbose installManyTop reading scoped package data from /Users/J-C/Desktop/2/node_modules/grunt-usemin/package.json
27 verbose installManyTop reading scoped package data from /Users/J-C/Desktop/2/node_modules/grunt-wiredep/package.json
28 verbose installManyTop reading scoped package data from /Users/J-C/Desktop/2/node_modules/jasmine-core/package.json
29 verbose installManyTop reading scoped package data from /Users/J-C/Desktop/2/node_modules/jshint-stylish/package.json
30 verbose installManyTop reading scoped package data from /Users/J-C/Desktop/2/node_modules/karma/package.json
31 verbose installManyTop reading scoped package data from /Users/J-C/Desktop/2/node_modules/karma-jasmine/package.json
32 verbose installManyTop reading scoped package data from /Users/J-C/Desktop/2/node_modules/karma-phantomjs-launcher/package.json
33 verbose installManyTop reading scoped package data from /Users/J-C/Desktop/2/node_modules/load-grunt-tasks/package.json
34 verbose installManyTop reading scoped package data from /Users/J-C/Desktop/2/node_modules/time-grunt/package.json
35 verbose readDependencies loading dependencies from /Users/J-C/Desktop/2/package.json
36 silly cache add args [ 'contrib-sass', null ]
37 verbose cache add spec contrib-sass
38 silly cache add parsed spec { raw: 'contrib-sass',
38 silly cache add   scope: null,
38 silly cache add   name: 'contrib-sass',
38 silly cache add   rawSpec: '',
38 silly cache add   spec: '*',
38 silly cache add   type: 'range' }
39 silly addNamed contrib-sass@*
40 verbose addNamed "*" is a valid semver range for contrib-sass
41 silly addNameRange { name: 'contrib-sass', range: '*', hasData: false }
42 silly mapToRegistry name contrib-sass
43 silly mapToRegistry using default registry
44 silly mapToRegistry registry https://registry.npmjs.org/
45 silly mapToRegistry uri https://registry.npmjs.org/contrib-sass
46 verbose addNameRange registry:https://registry.npmjs.org/contrib-sass not in flight; fetching
47 verbose request uri https://registry.npmjs.org/contrib-sass
48 verbose request no auth needed
49 info attempt registry request try #1 at 01:21:26
50 verbose request id be78ca8ee8f93f77
51 http request GET https://registry.npmjs.org/contrib-sass
52 http 404 https://registry.npmjs.org/contrib-sass
53 verbose headers { server: 'CouchDB/1.5.0 (Erlang OTP/R16B03)',
53 verbose headers   'content-type': 'application/json',
53 verbose headers   'cache-control': 'max-age=0',
53 verbose headers   'content-length': '51',
53 verbose headers   'accept-ranges': 'bytes',
53 verbose headers   date: 'Tue, 12 May 2015 05:21:26 GMT',
53 verbose headers   via: '1.1 varnish',
53 verbose headers   age: '0',
53 verbose headers   connection: 'keep-alive',
53 verbose headers   'x-served-by': 'cache-iad2123-IAD',
53 verbose headers   'x-cache': 'MISS',
53 verbose headers   'x-cache-hits': '0',
53 verbose headers   'x-timer': 'S1431408086.339815,VS0,VE356' }
54 silly get cb [ 404,
54 silly get   { server: 'CouchDB/1.5.0 (Erlang OTP/R16B03)',
54 silly get     'content-type': 'application/json',
54 silly get     'cache-control': 'max-age=0',
54 silly get     'content-length': '51',
54 silly get     'accept-ranges': 'bytes',
54 silly get     date: 'Tue, 12 May 2015 05:21:26 GMT',
54 silly get     via: '1.1 varnish',
54 silly get     age: '0',
54 silly get     connection: 'keep-alive',
54 silly get     'x-served-by': 'cache-iad2123-IAD',
54 silly get     'x-cache': 'MISS',
54 silly get     'x-cache-hits': '0',
54 silly get     'x-timer': 'S1431408086.339815,VS0,VE356' } ]
55 verbose stack Error: 404 Not Found: contrib-sass
55 verbose stack     at CachingRegistryClient.<anonymous> (/usr/local/lib/node_modules/npm/node_modules/npm-registry-client/lib/request.js:245:14)
55 verbose stack     at Request._callback (/usr/local/lib/node_modules/npm/node_modules/npm-registry-client/lib/request.js:170:14)
55 verbose stack     at Request.self.callback (/usr/local/lib/node_modules/npm/node_modules/request/request.js:368:22)
55 verbose stack     at Request.emit (events.js:110:17)
55 verbose stack     at Request.<anonymous> (/usr/local/lib/node_modules/npm/node_modules/request/request.js:1219:14)
55 verbose stack     at Request.emit (events.js:129:20)
55 verbose stack     at IncomingMessage.<anonymous> (/usr/local/lib/node_modules/npm/node_modules/request/request.js:1167:12)
55 verbose stack     at IncomingMessage.emit (events.js:129:20)
55 verbose stack     at _stream_readable.js:908:16
55 verbose stack     at process._tickCallback (node.js:355:11)
56 verbose statusCode 404
57 verbose pkgid contrib-sass
58 verbose cwd /Users/J-C/Desktop/2
59 error Darwin 14.4.0
60 error argv "node" "/usr/local/bin/npm" "install" "contrib-sass"
61 error node v0.12.2
62 error npm  v2.9.1
63 error code E404
64 error 404 Not Found: contrib-sass
64 error 404
64 error 404 'contrib-sass' is not in the npm registry.
64 error 404 You should bug the author to publish it (or use the name yourself!)
64 error 404 It was specified as a dependency of '2'
64 error 404
64 error 404 Note that you can also install from a
64 error 404 tarball, folder, http url, or git url.
65 verbose exit [ 1, true ]
